[11:35:58] [Server thread/INFO]: Starting minecraft server version 1.8.1
[11:35:58] [Server thread/INFO]: Loading properties
[11:35:58] [Server thread/INFO]: Default game type: SURVIVAL
[11:35:58] [Server thread/INFO]: Generating keypair
[11:35:59] [Server thread/INFO]: Starting Minecraft server on *:25565
[11:35:59] [Server thread/INFO]: Using epoll channel type
[11:35:59] [Server thread/WARN]: **** SERVER IS RUNNING IN OFFLINE/INSECURE MODE!
[11:35:59] [Server thread/WARN]: The server will make no attempt to authenticate usernames. Beware.
[11:35:59] [Server thread/WARN]: While this makes the game possible to play without internet access, it also opens up the ability for hackers to connect with any username they choose.
[11:35:59] [Server thread/WARN]: To change this, set "online-mode" to "true" in the server.properties file.
[11:35:59] [Server thread/INFO]: Preparing level "world"
[11:35:59] [Server thread/INFO]: Preparing start region for level 0
[11:36:00] [Server thread/INFO]: Preparing spawn area: 32%
[11:36:01] [Server thread/INFO]: Preparing spawn area: 64%
[11:36:02] [Server thread/INFO]: Done (3.111s)! For help, type "help" or "?"
[11:36:12] [Server thread/INFO]: Opped silvertriclops
[11:36:12] [Server thread/WARN]: Can't keep up! Did the system time change, or is the server overloaded? Running 2253ms behind, skipping 45 tick(s)
[11:36:20] [Server thread/INFO]: Usage: /op <player>
[11:36:32] [Server thread/INFO]: Opped DroidFreak36
[11:36:38] [Server thread/INFO]: Stopping the server
[11:36:38] [Server thread/INFO]: Stopping server
[11:36:38] [Server thread/INFO]: Saving players
[11:36:38] [Server thread/INFO]: Saving worlds
[11:36:38] [Server thread/INFO]: Saving chunks for level 'world'/Overworld
[11:36:38] [Server thread/INFO]: Saving chunks for level 'world'/Nether
[11:36:38] [Server thread/INFO]: Saving chunks for level 'world'/The End
